<?xml version="1.0" encoding="UTF-8"?>
<testng-results ignored="0" total="2" passed="2" failed="0" skipped="0">
  <reporter-output>
  </reporter-output>
  <suite started-at="2023-11-28T12:57:43 IST" name="Default suite" finished-at="2023-11-28T12:57:52 IST" duration-ms="9434">
    <groups>
    </groups>
    <test started-at="2023-11-28T12:57:43 IST" name="Default test" finished-at="2023-11-28T12:57:52 IST" duration-ms="9434">
      <class name="nov_21.AdvanceReports">
        <test-method is-config="true" signature="generateReport()[pri:0, instance:nov_21.AdvanceReports@3d51f06e]" started-at="2023-11-28T12:57:43 IST" name="generateReport" finished-at="2023-11-28T12:57:43 IST" duration-ms="259" status="PASS">
          <reporter-output>
          </reporter-output>
        </test-method> <!-- generateReport -->
        <test-method is-config="true" signature="setUp()[pri:0, instance:nov_21.AdvanceReports@3d51f06e]" started-at="2023-11-28T12:57:43 IST" name="setUp" finished-at="2023-11-28T12:57:48 IST" duration-ms="4678" status="PASS">
          <reporter-output>
          </reporter-output>
        </test-method> <!-- setUp -->
        <test-method signature="failTest()[pri:0, instance:nov_21.AdvanceReports@3d51f06e]" started-at="2023-11-28T12:57:48 IST" name="failTest" finished-at="2023-11-28T12:57:48 IST" duration-ms="32" status="PASS">
          <reporter-output>
          </reporter-output>
        </test-method> <!-- failTest -->
        <test-method is-config="true" signature="teardown()[pri:0, instance:nov_21.AdvanceReports@3d51f06e]" started-at="2023-11-28T12:57:48 IST" name="teardown" finished-at="2023-11-28T12:57:49 IST" duration-ms="701" status="PASS">
          <reporter-output>
          </reporter-output>
        </test-method> <!-- teardown -->
        <test-method is-config="true" signature="setUp()[pri:0, instance:nov_21.AdvanceReports@3d51f06e]" started-at="2023-11-28T12:57:49 IST" name="setUp" finished-at="2023-11-28T12:57:52 IST" duration-ms="3350" status="PASS">
          <reporter-output>
          </reporter-output>
        </test-method> <!-- setUp -->
        <test-method signature="passTest()[pri:0, instance:nov_21.AdvanceReports@3d51f06e]" started-at="2023-11-28T12:57:52 IST" name="passTest" finished-at="2023-11-28T12:57:52 IST" duration-ms="16" status="PASS">
          <reporter-output>
          </reporter-output>
        </test-method> <!-- passTest -->
        <test-method is-config="true" signature="teardown()[pri:0, instance:nov_21.AdvanceReports@3d51f06e]" started-at="2023-11-28T12:57:52 IST" name="teardown" finished-at="2023-11-28T12:57:52 IST" duration-ms="337" status="PASS">
          <reporter-output>
          </reporter-output>
        </test-method> <!-- teardown -->
      </class> <!-- nov_21.AdvanceReports -->
    </test> <!-- Default test -->
  </suite> <!-- Default suite -->
</testng-results>
